  Determinando os projetos a serem restaurados...
  Todos os projetos est??o atualizados para restaura????o.
  Domain -> C:\dev\Projetos_pessoais\family-finance\Domain\bin\Debug\net10.0\Domain.dll
  Application -> C:\dev\Projetos_pessoais\family-finance\Application\bin\Debug\net10.0\Application.dll
C:\dev\Projetos_pessoais\family-finance\Application.Tests\Categories\UseCases\CreateCategory\CreateCategoryValidatorTests.cs(15,27): error CS7036: N??o h?? nenhum argumento fornecido que corresponda ao par??metro necess??rio 'FamilyId' de 'CreateCategoryCommand.CreateCategoryCommand(string, CategoryType, Guid, Guid?)' [C:\dev\Projetos_pessoais\family-finance\Application.Tests\Application.Tests.csproj]
C:\dev\Projetos_pessoais\family-finance\Application.Tests\Categories\UseCases\CreateCategory\CreateCategoryValidatorTests.cs(23,27): error CS7036: N??o h?? nenhum argumento fornecido que corresponda ao par??metro necess??rio 'FamilyId' de 'CreateCategoryCommand.CreateCategoryCommand(string, CategoryType, Guid, Guid?)' [C:\dev\Projetos_pessoais\family-finance\Application.Tests\Application.Tests.csproj]
C:\dev\Projetos_pessoais\family-finance\Application.Tests\Categories\UseCases\CreateCategory\CreateCategoryValidatorTests.cs(31,27): error CS7036: N??o h?? nenhum argumento fornecido que corresponda ao par??metro necess??rio 'FamilyId' de 'CreateCategoryCommand.CreateCategoryCommand(string, CategoryType, Guid, Guid?)' [C:\dev\Projetos_pessoais\family-finance\Application.Tests\Application.Tests.csproj]
C:\dev\Projetos_pessoais\family-finance\Application.Tests\Categories\UseCases\CreateCategory\CreateCategoryHandlerTests.cs(25,24): error CS1729: "CreateCategoryHandler" n??o cont??m um construtor que aceita 3 argumentos [C:\dev\Projetos_pessoais\family-finance\Application.Tests\Application.Tests.csproj]
C:\dev\Projetos_pessoais\family-finance\Application.Tests\Categories\UseCases\DeleteCategory\DeleteCategoryHandlerTests.cs(45,46): error CS1061: ???ICategoryRepository??? n??o cont??m uma defini????o para "GetByIdAsync" e n??o foi poss??vel encontrar nenhum m??todo de extens??o "GetByIdAsync" que aceite um primeiro argumento do tipo ???ICategoryRepository??? (voc?? est?? se esquecendo de usar uma diretiva ou uma refer??ncia de assembly?) [C:\dev\Projetos_pessoais\family-finance\Application.Tests\Application.Tests.csproj]
C:\dev\Projetos_pessoais\family-finance\Application.Tests\Categories\UseCases\CreateCategory\CreateCategoryHandlerTests.cs(37,27): error CS7036: N??o h?? nenhum argumento fornecido que corresponda ao par??metro necess??rio 'FamilyId' de 'CreateCategoryCommand.CreateCategoryCommand(string, CategoryType, Guid, Guid?)' [C:\dev\Projetos_pessoais\family-finance\Application.Tests\Application.Tests.csproj]
C:\dev\Projetos_pessoais\family-finance\Application.Tests\Categories\UseCases\UpdateCategory\UpdateCategoryHandlerTests.cs(48,46): error CS1061: ???ICategoryRepository??? n??o cont??m uma defini????o para "GetByIdAsync" e n??o foi poss??vel encontrar nenhum m??todo de extens??o "GetByIdAsync" que aceite um primeiro argumento do tipo ???ICategoryRepository??? (voc?? est?? se esquecendo de usar uma diretiva ou uma refer??ncia de assembly?) [C:\dev\Projetos_pessoais\family-finance\Application.Tests\Application.Tests.csproj]
C:\dev\Projetos_pessoais\family-finance\Application.Tests\Categories\UseCases\GetCategories\GetCategoriesHandlerTests.cs(39,17): error CS7036: N??o h?? nenhum argumento fornecido que corresponda ao par??metro necess??rio 'familyId' de 'Category.Category(string, CategoryType, Guid, Guid?)' [C:\dev\Projetos_pessoais\family-finance\Application.Tests\Application.Tests.csproj]
C:\dev\Projetos_pessoais\family-finance\Application.Tests\Categories\UseCases\DeleteCategory\DeleteCategoryHandlerTests.cs(73,46): error CS1061: ???ICategoryRepository??? n??o cont??m uma defini????o para "GetByIdAsync" e n??o foi poss??vel encontrar nenhum m??todo de extens??o "GetByIdAsync" que aceite um primeiro argumento do tipo ???ICategoryRepository??? (voc?? est?? se esquecendo de usar uma diretiva ou uma refer??ncia de assembly?) [C:\dev\Projetos_pessoais\family-finance\Application.Tests\Application.Tests.csproj]
C:\dev\Projetos_pessoais\family-finance\Application.Tests\Categories\UseCases\UpdateCategory\UpdateCategoryHandlerTests.cs(67,78): error CS1503: Argumento 3: n??o ?? poss??vel converter de "<nulo>" para "System.Guid" [C:\dev\Projetos_pessoais\family-finance\Application.Tests\Application.Tests.csproj]
C:\dev\Projetos_pessoais\family-finance\Application.Tests\Categories\UseCases\UpdateCategory\UpdateCategoryHandlerTests.cs(74,46): error CS1061: ???ICategoryRepository??? n??o cont??m uma defini????o para "GetByIdAsync" e n??o foi poss??vel encontrar nenhum m??todo de extens??o "GetByIdAsync" que aceite um primeiro argumento do tipo ???ICategoryRepository??? (voc?? est?? se esquecendo de usar uma diretiva ou uma refer??ncia de assembly?) [C:\dev\Projetos_pessoais\family-finance\Application.Tests\Application.Tests.csproj]
C:\dev\Projetos_pessoais\family-finance\Application.Tests\Categories\UseCases\CreateCategory\CreateCategoryHandlerTests.cs(66,46): error CS1061: ???ICategoryRepository??? n??o cont??m uma defini????o para "GetByIdAsync" e n??o foi poss??vel encontrar nenhum m??todo de extens??o "GetByIdAsync" que aceite um primeiro argumento do tipo ???ICategoryRepository??? (voc?? est?? se esquecendo de usar uma diretiva ou uma refer??ncia de assembly?) [C:\dev\Projetos_pessoais\family-finance\Application.Tests\Application.Tests.csproj]
C:\dev\Projetos_pessoais\family-finance\Application.Tests\Categories\UseCases\CreateCategory\CreateCategoryHandlerTests.cs(91,46): error CS1061: ???ICategoryRepository??? n??o cont??m uma defini????o para "GetByIdAsync" e n??o foi poss??vel encontrar nenhum m??todo de extens??o "GetByIdAsync" que aceite um primeiro argumento do tipo ???ICategoryRepository??? (voc?? est?? se esquecendo de usar uma diretiva ou uma refer??ncia de assembly?) [C:\dev\Projetos_pessoais\family-finance\Application.Tests\Application.Tests.csproj]

FALHA da compila????o.

C:\dev\Projetos_pessoais\family-finance\Application.Tests\Categories\UseCases\CreateCategory\CreateCategoryValidatorTests.cs(15,27): error CS7036: N??o h?? nenhum argumento fornecido que corresponda ao par??metro necess??rio 'FamilyId' de 'CreateCategoryCommand.CreateCategoryCommand(string, CategoryType, Guid, Guid?)' [C:\dev\Projetos_pessoais\family-finance\Application.Tests\Application.Tests.csproj]
C:\dev\Projetos_pessoais\family-finance\Application.Tests\Categories\UseCases\CreateCategory\CreateCategoryValidatorTests.cs(23,27): error CS7036: N??o h?? nenhum argumento fornecido que corresponda ao par??metro necess??rio 'FamilyId' de 'CreateCategoryCommand.CreateCategoryCommand(string, CategoryType, Guid, Guid?)' [C:\dev\Projetos_pessoais\family-finance\Application.Tests\Application.Tests.csproj]
C:\dev\Projetos_pessoais\family-finance\Application.Tests\Categories\UseCases\CreateCategory\CreateCategoryValidatorTests.cs(31,27): error CS7036: N??o h?? nenhum argumento fornecido que corresponda ao par??metro necess??rio 'FamilyId' de 'CreateCategoryCommand.CreateCategoryCommand(string, CategoryType, Guid, Guid?)' [C:\dev\Projetos_pessoais\family-finance\Application.Tests\Application.Tests.csproj]
C:\dev\Projetos_pessoais\family-finance\Application.Tests\Categories\UseCases\CreateCategory\CreateCategoryHandlerTests.cs(25,24): error CS1729: "CreateCategoryHandler" n??o cont??m um construtor que aceita 3 argumentos [C:\dev\Projetos_pessoais\family-finance\Application.Tests\Application.Tests.csproj]
C:\dev\Projetos_pessoais\family-finance\Application.Tests\Categories\UseCases\DeleteCategory\DeleteCategoryHandlerTests.cs(45,46): error CS1061: ???ICategoryRepository??? n??o cont??m uma defini????o para "GetByIdAsync" e n??o foi poss??vel encontrar nenhum m??todo de extens??o "GetByIdAsync" que aceite um primeiro argumento do tipo ???ICategoryRepository??? (voc?? est?? se esquecendo de usar uma diretiva ou uma refer??ncia de assembly?) [C:\dev\Projetos_pessoais\family-finance\Application.Tests\Application.Tests.csproj]
C:\dev\Projetos_pessoais\family-finance\Application.Tests\Categories\UseCases\CreateCategory\CreateCategoryHandlerTests.cs(37,27): error CS7036: N??o h?? nenhum argumento fornecido que corresponda ao par??metro necess??rio 'FamilyId' de 'CreateCategoryCommand.CreateCategoryCommand(string, CategoryType, Guid, Guid?)' [C:\dev\Projetos_pessoais\family-finance\Application.Tests\Application.Tests.csproj]
C:\dev\Projetos_pessoais\family-finance\Application.Tests\Categories\UseCases\UpdateCategory\UpdateCategoryHandlerTests.cs(48,46): error CS1061: ???ICategoryRepository??? n??o cont??m uma defini????o para "GetByIdAsync" e n??o foi poss??vel encontrar nenhum m??todo de extens??o "GetByIdAsync" que aceite um primeiro argumento do tipo ???ICategoryRepository??? (voc?? est?? se esquecendo de usar uma diretiva ou uma refer??ncia de assembly?) [C:\dev\Projetos_pessoais\family-finance\Application.Tests\Application.Tests.csproj]
C:\dev\Projetos_pessoais\family-finance\Application.Tests\Categories\UseCases\GetCategories\GetCategoriesHandlerTests.cs(39,17): error CS7036: N??o h?? nenhum argumento fornecido que corresponda ao par??metro necess??rio 'familyId' de 'Category.Category(string, CategoryType, Guid, Guid?)' [C:\dev\Projetos_pessoais\family-finance\Application.Tests\Application.Tests.csproj]
C:\dev\Projetos_pessoais\family-finance\Application.Tests\Categories\UseCases\DeleteCategory\DeleteCategoryHandlerTests.cs(73,46): error CS1061: ???ICategoryRepository??? n??o cont??m uma defini????o para "GetByIdAsync" e n??o foi poss??vel encontrar nenhum m??todo de extens??o "GetByIdAsync" que aceite um primeiro argumento do tipo ???ICategoryRepository??? (voc?? est?? se esquecendo de usar uma diretiva ou uma refer??ncia de assembly?) [C:\dev\Projetos_pessoais\family-finance\Application.Tests\Application.Tests.csproj]
C:\dev\Projetos_pessoais\family-finance\Application.Tests\Categories\UseCases\UpdateCategory\UpdateCategoryHandlerTests.cs(67,78): error CS1503: Argumento 3: n??o ?? poss??vel converter de "<nulo>" para "System.Guid" [C:\dev\Projetos_pessoais\family-finance\Application.Tests\Application.Tests.csproj]
C:\dev\Projetos_pessoais\family-finance\Application.Tests\Categories\UseCases\UpdateCategory\UpdateCategoryHandlerTests.cs(74,46): error CS1061: ???ICategoryRepository??? n??o cont??m uma defini????o para "GetByIdAsync" e n??o foi poss??vel encontrar nenhum m??todo de extens??o "GetByIdAsync" que aceite um primeiro argumento do tipo ???ICategoryRepository??? (voc?? est?? se esquecendo de usar uma diretiva ou uma refer??ncia de assembly?) [C:\dev\Projetos_pessoais\family-finance\Application.Tests\Application.Tests.csproj]
C:\dev\Projetos_pessoais\family-finance\Application.Tests\Categories\UseCases\CreateCategory\CreateCategoryHandlerTests.cs(66,46): error CS1061: ???ICategoryRepository??? n??o cont??m uma defini????o para "GetByIdAsync" e n??o foi poss??vel encontrar nenhum m??todo de extens??o "GetByIdAsync" que aceite um primeiro argumento do tipo ???ICategoryRepository??? (voc?? est?? se esquecendo de usar uma diretiva ou uma refer??ncia de assembly?) [C:\dev\Projetos_pessoais\family-finance\Application.Tests\Application.Tests.csproj]
C:\dev\Projetos_pessoais\family-finance\Application.Tests\Categories\UseCases\CreateCategory\CreateCategoryHandlerTests.cs(91,46): error CS1061: ???ICategoryRepository??? n??o cont??m uma defini????o para "GetByIdAsync" e n??o foi poss??vel encontrar nenhum m??todo de extens??o "GetByIdAsync" que aceite um primeiro argumento do tipo ???ICategoryRepository??? (voc?? est?? se esquecendo de usar uma diretiva ou uma refer??ncia de assembly?) [C:\dev\Projetos_pessoais\family-finance\Application.Tests\Application.Tests.csproj]
    0 Aviso(s)
    13 Erro(s)

Tempo Decorrido 00:00:01.66
